<?xml version="1.0" encoding="UTF-8"?>
<!-- Generated by org.testng.reporters.JUnitReportReporter -->
<testsuite hostname="Monisha" failures="0" tests="1" name="SeleniumJava.ExtentReports.SampleExtentReport" time="4.966" errors="0" timestamp="2025-09-21T14:48:52 IST" skipped="0">
  <testcase classname="SeleniumJava.ExtentReports.SampleExtentReport" name="Demo" time="4.966"/>
</testsuite> <!-- SeleniumJava.ExtentReports.SampleExtentReport -->
